[0.371s] DEBUG:colcon:Command line arguments: ['/usr/bin/colcon', 'build']
[0.372s] DEBUG:colcon:Parsed command line arguments: Namespace(allow_overriding=[], ament_cmake_args=None, base_paths=['.'], build_base='build', catkin_cmake_args=None, catkin_skip_building_tests=False, cmake_args=None, cmake_clean_cache=False, cmake_clean_first=False, cmake_force_configure=False, cmake_target=None, cmake_target_skip_unavailable=False, continue_on_error=False, event_handlers=None, executor='parallel', ignore_user_meta=False, install_base='install', log_base=None, log_level=None, main=<bound method BuildVerb.main of <colcon_core.verb.build.BuildVerb object at 0x7f2c84090970>>, merge_install=False, metas=['./colcon.meta'], packages_above=None, packages_above_and_dependencies=None, packages_above_depth=None, packages_end=None, packages_ignore=None, packages_ignore_regex=None, packages_select=None, packages_select_build_failed=False, packages_select_by_dep=None, packages_select_regex=None, packages_select_test_failures=False, packages_skip=None, packages_skip_build_finished=False, packages_skip_by_dep=None, packages_skip_regex=None, packages_skip_test_passed=False, packages_skip_up_to=None, packages_start=None, packages_up_to=None, packages_up_to_regex=None, parallel_workers=12, paths=None, symlink_install=False, test_result_base=None, verb_extension=<colcon_core.verb.build.BuildVerb object at 0x7f2c84090970>, verb_name='build', verb_parser=<colcon_defaults.argument_parser.defaults.DefaultArgumentsDecorator object at 0x7f2c84090ee0>)
[0.429s] Level 1:colcon.colcon_core.package_discovery:discover_packages(colcon_meta) check parameters
[0.429s] Level 1:colcon.colcon_core.package_discovery:discover_packages(recursive) check parameters
[0.429s] Level 1:colcon.colcon_core.package_discovery:discover_packages(ignore) check parameters
[0.429s] Level 1:colcon.colcon_core.package_discovery:discover_packages(path) check parameters
[0.429s] Level 1:colcon.colcon_core.package_discovery:discover_packages(colcon_meta) discover
[0.429s] Level 1:colcon.colcon_core.package_discovery:discover_packages(recursive) discover
[0.429s] INFO:colcon.colcon_core.package_discovery:Crawling recursively for packages in '/home/sharmitha/ariac_ws/src/competition_tutorials'
[0.430s] Level 1:colcon.colcon_core.package_identification:_identify(.) by extensions ['ignore', 'ignore_ament_install']
[0.430s] Level 1:colcon.colcon_core.package_identification:_identify(.) by extension 'ignore'
[0.430s] Level 1:colcon.colcon_core.package_identification:_identify(.) by extension 'ignore_ament_install'
[0.430s] Level 1:colcon.colcon_core.package_identification:_identify(.) by extensions ['colcon_pkg']
[0.430s] Level 1:colcon.colcon_core.package_identification:_identify(.) by extension 'colcon_pkg'
[0.430s] Level 1:colcon.colcon_core.package_identification:_identify(.) by extensions ['colcon_meta']
[0.430s] Level 1:colcon.colcon_core.package_identification:_identify(.) by extension 'colcon_meta'
[0.430s] Level 1:colcon.colcon_core.package_identification:_identify(.) by extensions ['ros']
[0.431s] Level 1:colcon.colcon_core.package_identification:_identify(.) by extension 'ros'
[0.476s] DEBUG:colcon.colcon_core.package_identification:Package '.' with type 'ros.ament_cmake' and name 'competition_tutorials'
[0.476s] Level 1:colcon.colcon_core.package_discovery:discover_packages(recursive) using defaults
[0.476s] Level 1:colcon.colcon_core.package_discovery:discover_packages(ignore) discover
[0.476s] Level 1:colcon.colcon_core.package_discovery:discover_packages(ignore) using defaults
[0.476s] Level 1:colcon.colcon_core.package_discovery:discover_packages(path) discover
[0.476s] Level 1:colcon.colcon_core.package_discovery:discover_packages(path) using defaults
[0.544s] Level 1:colcon.colcon_core.package_discovery:discover_packages(prefix_path) check parameters
[0.544s] Level 1:colcon.colcon_core.package_discovery:discover_packages(prefix_path) discover
[0.554s] DEBUG:colcon.colcon_installed_package_information.package_discovery:Found 371 installed packages in /opt/ros/galactic
[0.560s] Level 1:colcon.colcon_core.package_discovery:discover_packages(prefix_path) using defaults
[0.780s] Level 5:colcon.colcon_core.verb:set package 'competition_tutorials' build argument 'cmake_args' from command line to 'None'
[0.780s] Level 5:colcon.colcon_core.verb:set package 'competition_tutorials' build argument 'cmake_target' from command line to 'None'
[0.780s] Level 5:colcon.colcon_core.verb:set package 'competition_tutorials' build argument 'cmake_target_skip_unavailable' from command line to 'False'
[0.780s] Level 5:colcon.colcon_core.verb:set package 'competition_tutorials' build argument 'cmake_clean_cache' from command line to 'False'
[0.780s] Level 5:colcon.colcon_core.verb:set package 'competition_tutorials' build argument 'cmake_clean_first' from command line to 'False'
[0.780s] Level 5:colcon.colcon_core.verb:set package 'competition_tutorials' build argument 'cmake_force_configure' from command line to 'False'
[0.780s] Level 5:colcon.colcon_core.verb:set package 'competition_tutorials' build argument 'ament_cmake_args' from command line to 'None'
[0.781s] Level 5:colcon.colcon_core.verb:set package 'competition_tutorials' build argument 'catkin_cmake_args' from command line to 'None'
[0.781s] Level 5:colcon.colcon_core.verb:set package 'competition_tutorials' build argument 'catkin_skip_building_tests' from command line to 'False'
[0.781s] DEBUG:colcon.colcon_core.verb:Building package 'competition_tutorials' with the following arguments: {'ament_cmake_args': None, 'build_base': '/home/sharmitha/ariac_ws/src/competition_tutorials/build/competition_tutorials', 'catkin_cmake_args': None, 'catkin_skip_building_tests': False, 'cmake_args': None, 'cmake_clean_cache': False, 'cmake_clean_first': False, 'cmake_force_configure': False, 'cmake_target': None, 'cmake_target_skip_unavailable': False, 'install_base': '/home/sharmitha/ariac_ws/src/competition_tutorials/install/competition_tutorials', 'merge_install': False, 'path': '/home/sharmitha/ariac_ws/src/competition_tutorials', 'symlink_install': False, 'test_result_base': None}
[0.783s] INFO:colcon.colcon_core.executor:Executing jobs using 'parallel' executor
[0.797s] DEBUG:colcon.colcon_parallel_executor.executor.parallel:run_until_complete
[0.797s] INFO:colcon.colcon_ros.task.ament_cmake.build:Building ROS package in '/home/sharmitha/ariac_ws/src/competition_tutorials' with build type 'ament_cmake'
[0.798s] INFO:colcon.colcon_cmake.task.cmake.build:Building CMake package in '/home/sharmitha/ariac_ws/src/competition_tutorials'
[0.812s] INFO:colcon.colcon_core.plugin_system:Skipping extension 'colcon_core.shell.bat': Not used on non-Windows systems
[0.813s] INFO:colcon.colcon_core.shell:Skip shell extension 'powershell' for command environment: Not usable outside of PowerShell
[0.813s] DEBUG:colcon.colcon_core.shell:Skip shell extension 'dsv' for command environment
[0.844s] DEBUG:colcon.colcon_core.event_handler.log_command:Invoking command in '/home/sharmitha/ariac_ws/src/competition_tutorials/build/competition_tutorials': CMAKE_PREFIX_PATH=/opt/ros/galactic /usr/bin/cmake /home/sharmitha/ariac_ws/src/competition_tutorials -DCMAKE_INSTALL_PREFIX=/home/sharmitha/ariac_ws/src/competition_tutorials/install/competition_tutorials
[6.192s] DEBUG:colcon.colcon_core.event_handler.log_command:Invoked command in '/home/sharmitha/ariac_ws/src/competition_tutorials/build/competition_tutorials' returned '1': CMAKE_PREFIX_PATH=/opt/ros/galactic /usr/bin/cmake /home/sharmitha/ariac_ws/src/competition_tutorials -DCMAKE_INSTALL_PREFIX=/home/sharmitha/ariac_ws/src/competition_tutorials/install/competition_tutorials
[6.222s] Level 1:colcon.colcon_core.environment:create_environment_scripts_only(competition_tutorials)
[6.237s] Level 1:colcon.colcon_core.environment:checking '/home/sharmitha/ariac_ws/src/competition_tutorials/install/competition_tutorials' for CMake module files
[6.237s] Level 1:colcon.colcon_core.environment:checking '/home/sharmitha/ariac_ws/src/competition_tutorials/install/competition_tutorials' for CMake config files
[6.238s] Level 1:colcon.colcon_core.environment:checking '/home/sharmitha/ariac_ws/src/competition_tutorials/install/competition_tutorials/bin'
[6.239s] Level 1:colcon.colcon_core.environment:checking '/home/sharmitha/ariac_ws/src/competition_tutorials/install/competition_tutorials/lib/pkgconfig/competition_tutorials.pc'
[6.239s] Level 1:colcon.colcon_core.environment:checking '/home/sharmitha/ariac_ws/src/competition_tutorials/install/competition_tutorials/lib/python3.8/site-packages'
[6.240s] Level 1:colcon.colcon_core.environment:checking '/home/sharmitha/ariac_ws/src/competition_tutorials/install/competition_tutorials/bin'
[6.245s] INFO:colcon.colcon_core.shell:Creating package script '/home/sharmitha/ariac_ws/src/competition_tutorials/install/competition_tutorials/share/competition_tutorials/package.ps1'
[6.248s] INFO:colcon.colcon_core.shell:Creating package descriptor '/home/sharmitha/ariac_ws/src/competition_tutorials/install/competition_tutorials/share/competition_tutorials/package.dsv'
[6.249s] INFO:colcon.colcon_core.shell:Creating package script '/home/sharmitha/ariac_ws/src/competition_tutorials/install/competition_tutorials/share/competition_tutorials/package.sh'
[6.250s] INFO:colcon.colcon_core.shell:Creating package script '/home/sharmitha/ariac_ws/src/competition_tutorials/install/competition_tutorials/share/competition_tutorials/package.bash'
[6.252s] INFO:colcon.colcon_core.shell:Creating package script '/home/sharmitha/ariac_ws/src/competition_tutorials/install/competition_tutorials/share/competition_tutorials/package.zsh'
[6.254s] Level 1:colcon.colcon_core.environment:create_file_with_runtime_dependencies(/home/sharmitha/ariac_ws/src/competition_tutorials/install/competition_tutorials/share/colcon-core/packages/competition_tutorials)
[6.265s] DEBUG:colcon.colcon_parallel_executor.executor.parallel:closing loop
[6.265s] DEBUG:colcon.colcon_parallel_executor.executor.parallel:loop closed
[6.265s] DEBUG:colcon.colcon_parallel_executor.executor.parallel:run_until_complete finished with '1'
[6.266s] DEBUG:colcon.colcon_core.event_reactor:joining thread
[6.279s] INFO:colcon.colcon_core.plugin_system:Skipping extension 'colcon_notification.desktop_notification.terminal_notifier': Not used on non-Darwin systems
[6.279s] INFO:colcon.colcon_core.plugin_system:Skipping extension 'colcon_notification.desktop_notification.win32': Not used on non-Windows systems
[6.279s] INFO:colcon.colcon_notification.desktop_notification:Sending desktop notification using 'notify2'
[6.316s] DEBUG:colcon.colcon_core.event_reactor:joined thread
[6.322s] INFO:colcon.colcon_core.shell:Creating prefix script '/home/sharmitha/ariac_ws/src/competition_tutorials/install/local_setup.ps1'
[6.325s] INFO:colcon.colcon_core.shell:Creating prefix util module '/home/sharmitha/ariac_ws/src/competition_tutorials/install/_local_setup_util_ps1.py'
[6.328s] INFO:colcon.colcon_core.shell:Creating prefix chain script '/home/sharmitha/ariac_ws/src/competition_tutorials/install/setup.ps1'
[6.330s] INFO:colcon.colcon_core.shell:Creating prefix script '/home/sharmitha/ariac_ws/src/competition_tutorials/install/local_setup.sh'
[6.331s] INFO:colcon.colcon_core.shell:Creating prefix util module '/home/sharmitha/ariac_ws/src/competition_tutorials/install/_local_setup_util_sh.py'
[6.332s] INFO:colcon.colcon_core.shell:Creating prefix chain script '/home/sharmitha/ariac_ws/src/competition_tutorials/install/setup.sh'
[6.335s] INFO:colcon.colcon_core.shell:Creating prefix script '/home/sharmitha/ariac_ws/src/competition_tutorials/install/local_setup.bash'
[6.335s] INFO:colcon.colcon_core.shell:Creating prefix chain script '/home/sharmitha/ariac_ws/src/competition_tutorials/install/setup.bash'
[6.338s] INFO:colcon.colcon_core.shell:Creating prefix script '/home/sharmitha/ariac_ws/src/competition_tutorials/install/local_setup.zsh'
[6.338s] INFO:colcon.colcon_core.shell:Creating prefix chain script '/home/sharmitha/ariac_ws/src/competition_tutorials/install/setup.zsh'
