[0.043s] Invoking command in '/home/sharmitha/ariac_ws/src/competition_tutorials/build/competition_tutorials': CMAKE_PREFIX_PATH=/opt/ros/galactic /usr/bin/cmake /home/sharmitha/ariac_ws/src/competition_tutorials -DCMAKE_INSTALL_PREFIX=/home/sharmitha/ariac_ws/src/competition_tutorials/install/competition_tutorials
[0.218s] -- The C compiler identification is GNU 9.4.0
[0.447s] -- The CXX compiler identification is GNU 9.4.0
[0.463s] -- Check for working C compiler: /usr/bin/cc
[0.637s] -- Check for working C compiler: /usr/bin/cc -- works
[0.639s] -- Detecting C compiler ABI info
[1.439s] -- Detecting C compiler ABI info - done
[1.480s] -- Detecting C compile features
[1.481s] -- Detecting C compile features - done
[1.489s] -- Check for working CXX compiler: /usr/bin/c++
[1.713s] -- Check for working CXX compiler: /usr/bin/c++ -- works
[1.716s] -- Detecting CXX compiler ABI info
[1.920s] -- Detecting CXX compiler ABI info - done
[1.960s] -- Detecting CXX compile features
[1.961s] -- Detecting CXX compile features - done
[1.967s] -- Found ament_cmake: 1.1.6 (/opt/ros/galactic/share/ament_cmake/cmake)
[2.033s] -- Found PythonInterp: /usr/bin/python3 (found suitable version "3.8.10", minimum required is "3") 
[2.034s] -- Using PYTHON_EXECUTABLE: /usr/bin/python3
[3.392s] -- Found rclcpp: 9.2.2 (/opt/ros/galactic/share/rclcpp/cmake)
[3.514s] -- Using all available rosidl_typesupport_c: rosidl_typesupport_fastrtps_c;rosidl_typesupport_introspection_c
[3.536s] -- Found rosidl_adapter: 2.2.3 (/opt/ros/galactic/share/rosidl_adapter/cmake)
[3.748s] -- Found OpenSSL: /usr/lib/x86_64-linux-gnu/libcrypto.so (found version "1.1.1f")  
[3.823s] -- Found FastRTPS: /opt/ros/galactic/include  
[4.024s] -- Using all available rosidl_typesupport_cpp: rosidl_typesupport_fastrtps_cpp;rosidl_typesupport_introspection_cpp
[4.180s] -- Found rmw_implementation_cmake: 3.3.1 (/opt/ros/galactic/share/rmw_implementation_cmake/cmake)
[4.188s] -- Found rmw_cyclonedds_cpp: 0.22.6 (/opt/ros/galactic/share/rmw_cyclonedds_cpp/cmake)
[4.239s] -- Using RMW implementation 'rmw_cyclonedds_cpp' as default
[4.241s] -- Looking for pthread.h
[4.429s] -- Looking for pthread.h - found
[4.431s] -- Performing Test CMAKE_HAVE_LIBC_PTHREAD
[4.614s] -- Performing Test CMAKE_HAVE_LIBC_PTHREAD - Failed
[4.615s] -- Looking for pthread_create in pthreads
[4.760s] -- Looking for pthread_create in pthreads - not found
[4.761s] -- Looking for pthread_create in pthread
[4.930s] -- Looking for pthread_create in pthread - found
[4.934s] -- Found Threads: TRUE  
[5.340s] -- Found rclpy: 1.9.3 (/opt/ros/galactic/share/rclpy/cmake)
[5.369s] CMake Error at CMakeLists.txt:13 (find_package):
[5.369s]   By not providing "Findariac_msgs.cmake" in CMAKE_MODULE_PATH this project
[5.369s]   has asked CMake to find a package configuration file provided by
[5.369s]   "ariac_msgs", but CMake did not find one.
[5.369s] 
[5.370s]   Could not find a package configuration file provided by "ariac_msgs" with
[5.370s]   any of the following names:
[5.370s] 
[5.370s]     ariac_msgsConfig.cmake
[5.371s]     ariac_msgs-config.cmake
[5.371s] 
[5.371s]   Add the installation prefix of "ariac_msgs" to CMAKE_PREFIX_PATH or set
[5.371s]   "ariac_msgs_DIR" to a directory containing one of the above files.  If
[5.371s]   "ariac_msgs" provides a separate development package or SDK, be sure it has
[5.371s]   been installed.
[5.372s] 
[5.372s] 
[5.373s] -- Configuring incomplete, errors occurred!
[5.374s] See also "/home/sharmitha/ariac_ws/src/competition_tutorials/build/competition_tutorials/CMakeFiles/CMakeOutput.log".
[5.374s] See also "/home/sharmitha/ariac_ws/src/competition_tutorials/build/competition_tutorials/CMakeFiles/CMakeError.log".
[5.392s] Invoked command in '/home/sharmitha/ariac_ws/src/competition_tutorials/build/competition_tutorials' returned '1': CMAKE_PREFIX_PATH=/opt/ros/galactic /usr/bin/cmake /home/sharmitha/ariac_ws/src/competition_tutorials -DCMAKE_INSTALL_PREFIX=/home/sharmitha/ariac_ws/src/competition_tutorials/install/competition_tutorials
